commit d036c2762f95792f869f21a29a87470338144662
Author: Kyol <kiel5454@gmail.com>
Date:   Sun Nov 22 18:59:17 2015 -0700

    android sizing

commit 982d0d40ee9706c535374fc48d9d34e0d739bfb2
Author: Kyle Avrett <kaavrett@gmail.com>
Date:   Sat Nov 21 18:49:35 2015 +0000

    android!

commit f56e06f9ef339062454c8f880f8c46b307b9f45e
Author: Kyle Avrett <kaavrett@gmail.com>
Date:   Sat Nov 21 18:26:25 2015 +0000

    ANDROID!

commit 4499a820c99f96e09801740a94871b4da0c527d5
Author: Kyle Avrett <kaavrett@gmail.com>
Date:   Sat Nov 21 17:00:51 2015 +0000

    playground

commit 5e9662a785a4b4e2b1878067871faee1084a2b3f
Author: Kyle Avrett <kaavrett@gmail.com>
Date:   Fri Nov 20 16:59:34 2015 +0000

    Playground.java

commit e30ca9ff6022297c9998bef0fc1423ce117d415b
Author: Kyle Avrett <kaavrett@gmail.com>
Date:   Fri Nov 20 16:46:43 2015 +0000

    moved Playground.java

commit 02efdb203fc3abf2304d2c750e397412ee83988c
Author: Kyle Avrett <kaavrett@gmail.com>
Date:   Fri Nov 20 16:43:12 2015 +0000

    working on android gui

commit d97a5a49104a3fc9523fe32584a8709d05106cf9
Author: Kyle Avrett <kaavrett@gmail.com>
Date:   Fri Nov 20 14:29:27 2015 +0000

    about to merge projectsgit-addgit-add SAFTY COMMIT

commit a75a1d99302fe438f6e0681337774b693e505233
Author: Kyol <kiel5454@gmail.com>
Date:   Fri Nov 20 13:14:32 2015 -0700

    android ui

commit 095eb85b20038331924b3b5635bd94f2f5f8779f
Author: Kyol <kiel5454@gmail.com>
Date:   Fri Nov 20 13:05:08 2015 -0700

    aaa

commit 989f830328fc7f07cc34c62f20a28e6cd20a48b3
Author: Kyol <kiel5454@gmail.com>
Date:   Fri Nov 20 13:02:11 2015 -0700

    removed finished button

commit f6d6a086f7ef6e6b4bee129377e81b635c6cb63d
Author: Kyol <kiel5454@gmail.com>
Date:   Fri Nov 20 12:59:01 2015 -0700

    added existing items in

commit a98d2a7d3f15d7d8c038a0d9b9b00f9c7331bbbc
Author: Kyol <kiel5454@gmail.com>
Date:   Fri Nov 20 12:56:58 2015 -0700

    made open menu work

commit bd0f66dab1c583052198eb564ff43131df7ae99f
Merge: e075a42 eb5a74d
Author: Kyle Avrett <kaavrett@gmail.com>
Date:   Fri Nov 20 12:38:45 2015 +0000

    Merge branch 'master' of github.com:zZelman/CS414-Pizza-Ordering-System

commit eb5a74d75d33dc813bb63d0dfe0ac3dc60d95dc7
Author: Kyol <kiel5454@gmail.com>
Date:   Fri Nov 20 12:38:27 2015 -0700

    kiosk gui delivery overhaul

commit b401af8cdfc07409d745315dfe0fbf7ad0b22f47
Author: Kyol <kiel5454@gmail.com>
Date:   Fri Nov 20 12:08:45 2015 -0700

    changed method signatures

commit e075a42235f9b06b6c81a4add76498f9c9b0ea64
Author: Kyle Avrett <kaavrett@gmail.com>
Date:   Fri Nov 20 12:38:38 2015 +0000

    changed DS for orders

commit 5fe4b5aea32f6021508108918694c9d18b308c10
Author: Kyle Avrett <kaavrett@gmail.com>
Date:   Fri Nov 20 12:00:23 2015 +0000

    added delivery view and complete

commit 7e022760035efe03e95d9ecf0ce575703d7a1027
Author: Kyol <kiel5454@gmail.com>
Date:   Fri Nov 20 11:53:01 2015 -0700

    updates to return type on finish kiosk

commit f3a63c018d356567ff3a3baa594ef4fbf9713a48
Author: Kyle Avrett <kaavrett@gmail.com>
Date:   Thu Nov 19 11:45:51 2015 +0000

    working on rewards

commit bae332d2a069b5cd44687045a3632edb362a0ed5
Merge: 8373cd4 5c8a176
Author: Kyle Avrett <kaavrett@gmail.com>
Date:   Thu Nov 19 11:32:20 2015 +0000

    merge conflict

commit 5c8a1769bb9a9c566a633f2d8bf0a5a665cd7621
Author: Kyol <kiel5454@gmail.com>
Date:   Thu Nov 19 11:29:41 2015 -0700

    fixed pizza number button

commit 2a00656b311389b01bb3839d69132111517ca139
Author: Kyol <kiel5454@gmail.com>
Date:   Thu Nov 19 11:03:55 2015 -0700

    changes to kiosk

commit 1b53162ce741c341b3ff83e1043b65812e614eff
Author: Kyol <kiel5454@gmail.com>
Date:   Thu Nov 19 10:54:28 2015 -0700

    changes to delivery in kioks

commit 8373cd4823593a76d13da00ff5f81c768842ea0d
Author: Kyle Avrett <kaavrett@gmail.com>
Date:   Thu Nov 19 11:29:44 2015 +0000

    files

commit 1897830116dbaa40736f00e0b025e9782b2e2411
Merge: 0fe1952 2a00656
Author: Kyle Avrett <kaavrett@gmail.com>
Date:   Thu Nov 19 11:04:26 2015 +0000

    Merge branch 'master' of github.com:zZelman/CS414-Pizza-Ordering-System

commit 0fe19526a8f01994484c31a4c2bef3ed4728c40b
Author: Kyle Avrett <kaavrett@gmail.com>
Date:   Thu Nov 19 11:04:20 2015 +0000

    working

commit 8f62cf4865b3da48abcaf42900957af22a2a9b5a
Author: Kyle Avrett <kaavrett@gmail.com>
Date:   Thu Nov 19 10:53:21 2015 +0000

    getSaleIsDelvery()

commit 7c38f59d1ee083b56fe4ce91bc1a00a75a5b2446
Merge: 9a06946 1de17cb
Author: Kyle Avrett <kaavrett@gmail.com>
Date:   Thu Nov 19 10:50:22 2015 +0000

    Merge branch 'master' of github.com:zZelman/CS414-Pizza-Ordering-System

commit 1de17cb2dabf602e546cb0e707291e0cf9a9ec83
Author: Kyol <kiel5454@gmail.com>
Date:   Thu Nov 19 10:42:13 2015 -0700

    added functionality to some buttons in kiosk and manager

commit 9a06946d37c7781cc911376767ebdce884891a42
Author: Kyle Avrett <kaavrett@gmail.com>
Date:   Thu Nov 19 10:50:09 2015 +0000

    changed chief orders to use a FIFO queue

commit a3db97feaf2c7f6ec14e94befe178977c3dc719a
Author: Kyle Avrett <kaavrett@gmail.com>
Date:   Thu Nov 19 10:32:49 2015 +0000

    working on delivery infestructure

commit 8da503ba37e482a1344dfc5310477b2d96de1135
Author: Kyle Avrett <kaavrett@gmail.com>
Date:   Thu Nov 19 10:18:31 2015 +0000

    customer rewords should be working

commit 2a91753889202ed69e078dd62e071df07b614b80
Author: Kyol <kiel5454@gmail.com>
Date:   Thu Nov 19 08:56:24 2015 -0700

    added app png

commit 71d174f485b1a7153847391c09976be83cd63905
Author: Kyol <kiel5454@gmail.com>
Date:   Thu Nov 19 08:52:31 2015 -0700

    changed delivery gui

commit 14cb867945bc4bae707d18a0a6b35141909416a1
Author: Kyle Avrett <kaavrett@gmail.com>
Date:   Thu Nov 19 08:32:19 2015 +0000

    added a build task to build.gradle and changed DeliveryGUI

commit dcc6d3d7d44a37896e401e220ae5b4b9e4d3db81
Merge: 1c31f00 4f3b006
Author: Kyle Avrett <kaavrett@gmail.com>
Date:   Thu Nov 19 08:30:38 2015 +0000

    Merge branch 'master' of github.com:zZelman/CS414-Pizza-Ordering-System

commit 4f3b006e2f5794951960a87967b85accde85c53f
Author: Kyol <kiel5454@gmail.com>
Date:   Thu Nov 19 08:30:14 2015 -0700

    name changes

commit d9efbe71f983e53077d93f62f4e014b33c871d75
Author: Kyol <kiel5454@gmail.com>
Date:   Thu Nov 19 08:29:29 2015 -0700

    Minor changes and added delivery

commit 1c31f00743ddd58feaa00e8fa00aaf83f0fb4a7e
Author: Kyle Avrett <kaavrett@gmail.com>
Date:   Thu Nov 19 08:30:32 2015 +0000

    changed spacing in PizzaSystem

commit fb1b2d59e089fe186646d95dd2c5a8a1bf2118c1
Merge: 259cc5f a67b30e
Author: Kyle Avrett <kaavrett@gmail.com>
Date:   Wed Nov 18 19:42:33 2015 +0000

    Merge branch 'master' of github.com:zZelman/CS414-Pizza-Ordering-System

commit a67b30e433e5765e34e604e76bcc7fbeb995f867
Author: Kyol <kiel5454@gmail.com>
Date:   Wed Nov 18 19:33:52 2015 -0700

    added button to manager gui

commit 259cc5f2d71b1baf1bb6db66b36cb25c9bc04738
Author: Kyle Avrett <kaavrett@gmail.com>
Date:   Wed Nov 18 19:42:12 2015 +0000

    all gui's working with rmi

commit 61ae1b830bc9e8f75e5df781263611833da930b1
Author: Kyle Avrett <kaavrett@gmail.com>
Date:   Wed Nov 18 19:26:10 2015 +0000

    acedetnly a file

commit d6015612e6d7f1148d6db45b4d0b8e275be788a5
Author: Kyle Avrett <kaavrett@gmail.com>
Date:   Wed Nov 18 19:25:34 2015 +0000

    manager gui working with rmi

commit b143f8889c5cbbd7ddd351a394fc95e745581d10
Author: Kyle Avrett <kaavrett@gmail.com>
Date:   Wed Nov 18 19:02:20 2015 +0000

    changed manager gui to work with rmi

commit 6c4a951d38e7289f181640606d20c5a131d03427
Merge: 5820c48 e0220eb
Author: Kyle Avrett <kaavrett@gmail.com>
Date:   Wed Nov 18 18:55:50 2015 +0000

    manager gui changes for rmi

commit e0220ebf36203ae393b095372930bcbd11664057
Author: Kyol <kiel5454@gmail.com>
Date:   Wed Nov 18 18:52:59 2015 -0700

    updated finals

commit 8079d3f34f719af73069a78896a36a154ad332f9
Author: Kyol <kiel5454@gmail.com>
Date:   Wed Nov 18 18:50:12 2015 -0700

    added ;

commit d4616927f79f63647b029cc27ebdcddda5711877
Author: Kyol <kiel5454@gmail.com>
Date:   Wed Nov 18 18:49:44 2015 -0700

    added imports

commit 5820c4811a600991a306ec92431ce6a24a58a50d
Author: Kyle Avrett <kaavrett@gmail.com>
Date:   Wed Nov 18 18:53:19 2015 +0000

    manager gui changes for rmi

commit 52411a93e5c3c8c3385f25c978379d35afe20b9f
Merge: cf5f7bb e809f3d
Author: Kyle Avrett <kaavrett@gmail.com>
Date:   Wed Nov 18 18:46:15 2015 +0000

    Merge branch 'master' of github.com:zZelman/CS414-Pizza-Ordering-System

commit e809f3daab729168b54713f92ad8ddc7d917a1b4
Author: Kyol <kiel5454@gmail.com>
Date:   Wed Nov 18 18:45:46 2015 -0700

    updated buttons for kiosk and manager

commit b43e5f53115035decdee672cbde62d9f44b77b83
Author: Kyol <kiel5454@gmail.com>
Date:   Wed Nov 18 16:22:21 2015 -0700

    Added todo and a delivery checkbox

commit cf5f7bb2c9126fe97f9d2a7b08756cda443de39c
Author: Kyle Avrett <kaavrett@gmail.com>
Date:   Wed Nov 18 18:45:51 2015 +0000

    working twords having RMI working

commit 939dbe576d2f37e1ed8b67feabea786a4794b0f1
Author: Kyle Avrett <kaavrett@gmail.com>
Date:   Wed Nov 18 18:35:40 2015 +0000

    setup RMI

commit 6aa253a29422e39f3d98f8578ba116d2f6d397a9
Author: Kyol <kiel5454@gmail.com>
Date:   Wed Nov 18 16:14:00 2015 -0700

    androidstarting

commit fce3dbffd275b501aa8cd4113aa7531b2ec8bf50
Author: Kyol <kiel5454@gmail.com>
Date:   Wed Nov 18 11:36:10 2015 -0700

    fixed some java 7 errors with final declarations

commit a8b35c303f90a8c7c747902846a1e409ee58d61b
Author: Kyol <kiel5454@gmail.com>
Date:   Wed Nov 18 11:24:09 2015 -0700

    changed package name

commit 730bc8bb9c8991c161f75da92be212fc87ff5d69
Author: Kyle Avrett <kaavrett@gmail.com>
Date:   Wed Nov 18 11:29:43 2015 +0000

    changed gitignore file

commit 4cd9190c2bc467812614c0dad8f55316ea611ed8
Merge: 5bfa4d4 e4db278
Author: Kyle Avrett <kaavrett@gmail.com>
Date:   Wed Nov 18 11:22:00 2015 +0000

    fixed a merge issue

commit e4db2786305f10b777147a2e91683eb36cdd8757
Author: Kyol <kiel5454@gmail.com>
Date:   Wed Nov 18 11:13:03 2015 -0700

    fixed a bug

commit 6bbe8a07c4202dbb683348316bf0d9fe287c4c45
Author: Kyol <kiel5454@gmail.com>
Date:   Wed Nov 18 11:06:19 2015 -0700

    gradle wrapper

commit 0900fce8fa83c925a4ce70d5faa8bc8bbc09eb4d
Author: Kyol <kiel5454@gmail.com>
Date:   Wed Nov 18 10:20:25 2015 -0700

    added some todo for manager gui

commit 976848b50c9a84e4fe28744319cba4795949c36e
Merge: 775c015 194c32c
Author: Kyol <kiel5454@gmail.com>
Date:   Thu Nov 12 09:54:16 2015 -0700

    Merge branch 'master' of https://github.com/zZelman/CS414-Pizza-Ordering-System

commit 5bfa4d4e0971e3e778553a048a6f201d90297987
Author: Kyle Avrett <kaavrett@gmail.com>
Date:   Thu Nov 12 11:19:23 2015 +0000

    Started working with RMI and debuged the Kiosk GUI order-remove issue

commit 194c32c1036161921015c0ff85c29d28c7b8577c
Author: Kyle Avrett <kaavrett@gmail.com>
Date:   Mon Nov 2 17:19:39 2015 +0000

    modified the demo gradle task to reflect packages within main

commit 775c015bd429a8bb6c1296fa14f93a0dd248ace0
Author: Kyol <kiel5454@gmail.com>
Date:   Wed Oct 28 22:40:26 2015 -0600

    diagrams

commit a896b3b82149578fb946ced4ddd2fa07b0713f1a
Author: Kyol <kiel5454@gmail.com>
Date:   Wed Oct 28 21:46:30 2015 -0600

    aa

commit 2c674ba2854a8d82d6e3f867bce46dbb192809ee
Author: Kyol <kiel5454@gmail.com>
Date:   Wed Oct 28 21:44:56 2015 -0600

    changed where chef writes to

commit c22857cba18a7fe625e9deb364198c84f06f2f80
Author: Kyol <kiel5454@gmail.com>
Date:   Wed Oct 28 21:34:27 2015 -0600

    Revert "a"
    
    This reverts commit fd4b6b14bbfb7a7211f1c5ebb282fb9f5d163922.

commit 89e6bbb4f71f6c99c74a7926af22752df3a86424
Author: Kyol <kiel5454@gmail.com>
Date:   Wed Oct 28 21:33:07 2015 -0600

    a

commit 56c8950e9fdba9d5a0558d17fbd1191418ba4f32
Author: Kyle Avrett <kaavrett@gmail.com>
Date:   Wed Oct 28 23:18:48 2015 +0000

    restructured to use packages

commit 7ddafae3aa5bf062560a9250e550ef7ad1372934
Author: Kyle Avrett <kaavrett@gmail.com>
Date:   Wed Oct 28 22:59:45 2015 +0000

    checkboxes

commit 0e35013d8978b82f51bec7bf3bb27af2a4a93e5d
Author: Kyle Avrett <kaavrett@gmail.com>
Date:   Wed Oct 28 22:38:57 2015 +0000

    Diagrams

commit 1d33c949d9213b0b3c7bcbf413e1385ec49328ee
Author: Kyle Avrett <kaavrett@gmail.com>
Date:   Wed Oct 28 21:35:48 2015 +0000

    Fixing nuked commit

commit e263aefad6006cb74b71b6df54a8a796b2e1dbf8
Merge: c007041 d0fd1a3
Author: Kyol <kiel5454@gmail.com>
Date:   Wed Oct 28 21:27:02 2015 -0600

    Merge branch 'master' of https://github.com/zZelman/CS414-Pizza-Ordering-System

commit c007041038eb755a1542453a7d71555d8b7f931f
Author: Kyol <kiel5454@gmail.com>
Date:   Wed Oct 28 21:24:14 2015 -0600

    documentation

commit 3409d0cee32a90ea06fe26601f4217a4660cc0f2
Author: Kyol <kiel5454@gmail.com>
Date:   Wed Oct 28 20:57:39 2015 -0600

    System Test Plan Completed

commit cbafc06b0b5f80f5522cfd34d85e70bf6d24880c
Author: Kyol <kiel5454@gmail.com>
Date:   Wed Oct 28 20:38:59 2015 -0600

    null pointing

commit ef020a7c54243e760e32425b936e388d6ec7e0fd
Author: Kyol <kiel5454@gmail.com>
Date:   Wed Oct 28 20:32:44 2015 -0600

    changed from final to class variable

commit 8a7dc94607965033166926961a0163e809635b5a
Author: Kyol <kiel5454@gmail.com>
Date:   Wed Oct 28 20:21:55 2015 -0600

    aa

commit d0fd1a3d2dfcf9ea35e612274ca8058a6c07d9ca
Merge: 62ed0b4 3409d0c
Author: Kyle Avrett <kaavrett@gmail.com>
Date:   Wed Oct 28 21:22:32 2015 +0000

    Merge branch 'master' of github.com:zZelman/CS414-Pizza-Ordering-System

commit 62ed0b4547dfc7bf197882521083fc276fb8501c
Author: Kyle Avrett <kaavrett@gmail.com>
Date:   Wed Oct 28 21:22:08 2015 +0000

    Finished Runner

commit 6aaaa0c6e668c3e9299302a0fa715c9d92752ba0
Merge: 82bafde cbafc06
Author: Kyle Avrett <kaavrett@gmail.com>
Date:   Wed Oct 28 20:39:06 2015 +0000

    Merge branch 'master' of github.com:zZelman/CS414-Pizza-Ordering-System

commit 82bafdebfe336601c010fb2050e383feb4380340
Merge: 6054e51 ef020a7
Author: Kyle Avrett <kaavrett@gmail.com>
Date:   Wed Oct 28 20:33:24 2015 +0000

    Merge branch 'master' of github.com:zZelman/CS414-Pizza-Ordering-System

commit 6054e513f697983e947e9072cfe418b3d6b34a2c
Author: Kyle Avrett <kaavrett@gmail.com>
Date:   Wed Oct 28 20:33:03 2015 +0000

    formatted code

commit c3b859a7eef6d2f56d6bca7f3f39f6f0f4413311
Author: Kyle Avrett <kaavrett@gmail.com>
Date:   Wed Oct 28 20:13:13 2015 +0000

    Fully implemented TestPizzaSystem's tests

commit 3adfd6c9bba9901016fc0c7c7cd8dd4128d02578
Author: Kyol <kiel5454@gmail.com>
Date:   Wed Oct 28 20:01:41 2015 -0600

    f

commit e78326cb964624630aceeb44552bade87603ba42
Author: Kyol <kiel5454@gmail.com>
Date:   Wed Oct 28 19:57:06 2015 -0600

    a

commit 6d81fc413defa3a77835e841ac1eb90c3488c2d4
Author: Kyol <kiel5454@gmail.com>
Date:   Wed Oct 28 19:52:12 2015 -0600

    test plan updates

commit 72ec33a3ca82094e0bb2b2be8df6aff250007c59
Author: Kyol <kiel5454@gmail.com>
Date:   Wed Oct 28 19:43:52 2015 -0600

    special in kiosk

commit 131af867e4363d6a801d61b698f008d7d45cbfef
Author: Kyol <kiel5454@gmail.com>
Date:   Wed Oct 28 19:33:53 2015 -0600

    updates yadda yadda

commit 6e403908d07896eafce98baae1da313ed17b58c7
Author: Kyol <kiel5454@gmail.com>
Date:   Wed Oct 28 18:58:51 2015 -0600

    System Test Plan update

commit 0c500aaf4cb6935aace9818626d8738b9d2f2850
Author: Kyol <kiel5454@gmail.com>
Date:   Wed Oct 28 18:45:11 2015 -0600

    null checking on orders

commit 28b6a01d7130b87a3d5b1b6559c6c38f5d50d7aa
Author: Kyle Avrett <kaavrett@gmail.com>
Date:   Wed Oct 28 18:43:02 2015 +0000

    made compile

commit 601a00b8eeec0cef031ed9005f3f60efad929018
Author: Kyol <kiel5454@gmail.com>
Date:   Wed Oct 28 18:38:49 2015 -0600

    Significant Work Done in ChefGui

commit e4577731030c1fe23aa36e5bc7e1f14098020420
Author: Kyle Avrett <kaavrett@gmail.com>
Date:   Wed Oct 28 18:27:59 2015 +0000

    formatted code

commit cb5f3ec28d9b377127edc7510aa8d3ba027a7093
Author: Kyle Avrett <kaavrett@gmail.com>
Date:   Wed Oct 28 18:20:41 2015 +0000

    made project compile

commit 1840444ac0eca1a85a3a27708e5a023e210c9f75
Author: Kyol <kiel5454@gmail.com>
Date:   Wed Oct 28 18:17:24 2015 -0600

    a

commit be6cea31f12da9cb4992f8189ecd2e112a89509b
Author: Kyle Avrett <kaavrett@gmail.com>
Date:   Wed Oct 28 18:04:51 2015 +0000

    made project compile

commit 5bfadd13836ebd6a11f2cbe31e70dbe2cfacc6c1
Merge: ef3e46f 00bb1e9
Author: Kyle Avrett <kaavrett@gmail.com>
Date:   Wed Oct 28 17:42:21 2015 +0000

    Merge branch 'master' of github.com:zZelman/CS414-Pizza-Ordering-System

commit 00bb1e9a118decf6c42581c1ce10d1d95b63c3fe
Author: Kyol <kiel5454@gmail.com>
Date:   Wed Oct 28 17:22:46 2015 -0600

    Kiosk Implemented

commit ef3e46f3c0b6bb58b46dbfd9fdcc85229383d05c
Author: Kyle Avrett <kaavrett@gmail.com>
Date:   Wed Oct 28 17:42:02 2015 +0000

    working on test cases

commit 4925670ebcacfc1ce72cf4660fdd8b6e1f0c52b6
Author: Kyle Avrett <kaavrett@gmail.com>
Date:   Wed Oct 28 17:23:18 2015 +0000

    working on test cases

commit 902b6e094c7cbb6c89dda4aaac1a3651670cc00d
Author: Kyol <kiel5454@gmail.com>
Date:   Wed Oct 28 16:13:56 2015 -0600

    minor change to package

commit 63f854cee7e0c693e3d1f66266231b973c2f52f7
Author: Kyol <kiel5454@gmail.com>
Date:   Wed Oct 28 16:13:01 2015 -0600

    Manager Gui actually running

commit 2532f3c400c5cc053f8f4085d76d3d9a64d5d179
Author: Kyle Avrett <kaavrett@gmail.com>
Date:   Wed Oct 28 16:18:21 2015 +0000

    created a way to set a special on a menu

commit 0e70db81d79b5b056571b23e3e939759a65657f9
Author: Kyle Avrett <kaavrett@gmail.com>
Date:   Wed Oct 28 16:09:49 2015 +0000

    finished writting the general function calls for the backend system

commit b9ec5d1ef861bbcb0ffbcf02f908023f93057efb
Author: Kyle Avrett <kaavrett@gmail.com>
Date:   Wed Oct 28 09:15:53 2015 +0000

    changed README format

commit f67819076b36c913178c66b88668778da8f3ced3
Author: Kyle Avrett <kaavrett@gmail.com>
Date:   Wed Oct 28 09:09:47 2015 +0000

    changed gitignore to hide lock files and hidden ones

commit 10db72623970fc5f185966e5beba9a33feeb78e7
Author: Kyol <kiel5454@gmail.com>
Date:   Wed Oct 28 06:38:32 2015 -0600

    wrote into readme changes to layout

commit 945c51cce17ffb7dd70b098f3f7c9b2c06572cf7
Author: Kyol <kiel5454@gmail.com>
Date:   Wed Oct 28 06:35:12 2015 -0600

    refactored the testing folder layout and removed some bloat

commit 9df87822e5191ce0c554c5e01913aba6281ad9b7
Author: Kyol <kiel5454@gmail.com>
Date:   Wed Oct 28 04:54:43 2015 -0600

    Updated some of the testing & wrote in some System Test Plan Info

commit a59a23bcf9dbf8ef33abd05d51adb87fd7b30ff7
Author: Kyol <kiel5454@gmail.com>
Date:   Wed Oct 28 04:47:49 2015 -0600

    Built ChefGUI

commit c0a092a24a67fb5bb5410efe01d55a2e2ab91d01
Author: Kyol <kiel5454@gmail.com>
Date:   Wed Oct 28 04:44:26 2015 -0600

    Built Kiosk GUI

commit 3c94a3c16972d03b0d3a20799f23d96181ace9b0
Author: Kyol <kiel5454@gmail.com>
Date:   Wed Oct 28 04:34:08 2015 -0600

    Built Manager GUI
    
    still needs hook ins, waiting for kyle to wake up before continuing

commit 2d554e88f37b018afd501009e67496d17afaf9e2
Author: Kyol <kiel5454@gmail.com>
Date:   Wed Oct 28 04:00:07 2015 -0600

    Started The System Test Plan
    
    Transferring written documentation to the actual file

commit cc085bb935c79bdc7b1cfa21128a445525847269
Author: Kyol <kiel5454@gmail.com>
Date:   Wed Oct 28 03:53:29 2015 -0600

    work done on the ssd diagrams.

commit 21cfe88791692fdcf16abeef1061a858336d0dc3
Author: Kyle Avrett <kaavrett@gmail.com>
Date:   Tue Oct 27 19:54:48 2015 +0000

    significant work has been done on the backend system

commit feaeda395a2feb48e87c32a938edc2687653f8d4
Merge: a5bbf4e ffa93a4
Author: Kyle Avrett <kaavrett@gmail.com>
Date:   Tue Oct 27 14:01:25 2015 +0000

    Merge branch 'master' of github.com:zZelman/CS414-Pizza-Ordering-System

commit ffa93a472b21d918277a84c877b2f021bbe273e9
Author: Kyol <kiel5454@gmail.com>
Date:   Tue Oct 27 13:50:57 2015 -0600

    Intro on how we will be testing

commit 2eda0275cd3e0bbc85ba1fdfefaccefe6c9aaa4e
Author: Kyol <kiel5454@gmail.com>
Date:   Tue Oct 27 13:50:28 2015 -0600

    JUnit Markup Beginning

commit a5bbf4e7ff5837be83aecdf973387be87153115e
Author: Kyle Avrett <kaavrett@gmail.com>
Date:   Tue Oct 27 14:01:07 2015 +0000

    setup dir structure

commit 6a48c35e461c416a1f6f6418f1588a485bac3d78
Author: Kyle Avrett <kaavrett@gmail.com>
Date:   Tue Oct 27 13:47:46 2015 +0000

    testing new colaborator

commit 80c4a79beb40fdd477bb72da96aaac87323f03d0
Author: Kyol <kiel5454@gmail.com>
Date:   Tue Oct 27 13:46:16 2015 -0600

    Starting Testing Suite
    
    aaa

commit 90a582ae2d061aac7002a5b8f3b837a5ee90a921
Author: Kyle Avrett <kaavrett@gmail.com>
Date:   Tue Oct 27 08:58:18 2015 +0000

    broke down the assignment into a org file

commit 9355fd60d446c901a5f7a827c0728572e50b0c0b
Author: Kyle Avrett <kaavrett@gmail.com>
Date:   Mon Oct 19 04:46:06 2015 +0000

    worked on first ssd for place order use case

commit bdd529c1e06f99277b88ea482ad6f928a4f7aade
Author: Kyle Avrett <kaavrett@gmail.com>
Date:   Mon Oct 19 01:59:40 2015 +0000

    updated README.md to show what tools are used in this project

commit d3d3f355a66c4529e7ebcaa2db90d76018f51cff
Author: Kyle Avrett <kaavrett@gmail.com>
Date:   Mon Oct 19 01:34:11 2015 +0000

    corrected a2 and a3, you can see their before and after

commit 5e5204f19633a02d52d80b7084bca5cfb434f89e
Author: Kyle Avrett <kaavrett@gmail.com>
Date:   Sun Oct 18 23:59:29 2015 +0000

    no work has been done, adding relivant files to project

commit a10f7a5dd03607f09182061d54cbf0991eb57797
Author: Kyle Avrett <zzelman@localhost.localdomain>
Date:   Sun Oct 18 15:23:41 2015 +0000

    setup project and added diagrams to source control

commit 11311d6f31dc4c60407eff01c7580cd23ba036c4
Author: zZelman <kaavrett@gmail.com>
Date:   Sun Oct 18 21:12:03 2015 +0000

    Initial commit
